  Raycaster.cpp
C:\Users\rouyr\source\repos\RayCasting\Raycaster.cpp(62,36): warning C4018: '<': signed/unsigned mismatch
C:\Users\rouyr\source\repos\RayCasting\Raycaster.cpp(74,66): warning C4244: 'argument': conversion from 'T' to 'unsigned int', possible loss of data
          with
          [
              T=float
          ]
C:\Users\rouyr\source\repos\RayCasting\Raycaster.cpp(74,46): warning C4244: 'argument': conversion from 'T' to 'unsigned int', possible loss of data
          with
          [
              T=float
          ]
C:\Users\rouyr\source\repos\RayCasting\Raycaster.cpp(85,22): warning C4244: '=': conversion from 'double' to 'T', possible loss of data
          with
          [
              T=float
          ]
C:\Users\rouyr\source\repos\RayCasting\Raycaster.cpp(86,22): warning C4244: '=': conversion from 'double' to 'T', possible loss of data
          with
          [
              T=float
          ]
C:\Users\rouyr\source\repos\RayCasting\Raycaster.cpp(89,25): warning C4244: '=': conversion from 'double' to 'T', possible loss of data
          with
          [
              T=float
          ]
C:\Users\rouyr\source\repos\RayCasting\Raycaster.cpp(90,25): warning C4244: '=': conversion from 'double' to 'T', possible loss of data
          with
          [
              T=float
          ]
C:\Users\rouyr\source\repos\RayCasting\Raycaster.cpp(93,58): warning C4244: '+=': conversion from 'double' to 'T', possible loss of data
          with
          [
              T=float
          ]
C:\Users\rouyr\source\repos\RayCasting\Raycaster.cpp(94,60): warning C4244: '+=': conversion from 'double' to 'T', possible loss of data
          with
          [
              T=float
          ]
C:\Users\rouyr\source\repos\RayCasting\Raycaster.cpp(97,61): warning C4244: '+=': conversion from 'double' to 'T', possible loss of data
          with
          [
              T=float
          ]
C:\Users\rouyr\source\repos\RayCasting\Raycaster.cpp(98,61): warning C4244: '+=': conversion from 'double' to 'T', possible loss of data
          with
          [
              T=float
          ]
C:\Users\rouyr\source\repos\RayCasting\Raycaster.cpp(177,75): warning C4244: 'argument': conversion from 'double' to 'T', possible loss of data
          with
          [
              T=float
          ]
C:\Users\rouyr\source\repos\RayCasting\Raycaster.cpp(177,55): warning C4244: 'argument': conversion from 'double' to 'T', possible loss of data
          with
          [
              T=float
          ]
C:\Users\rouyr\source\repos\RayCasting\Raycaster.cpp(212,34): warning C4244: '+=': conversion from 'T' to 'T', possible loss of data
          with
          [
              T=float
          ]
          and
          [
              T=int
          ]
C:\Users\rouyr\source\repos\RayCasting\Raycaster.cpp(217,34): warning C4244: '+=': conversion from 'T' to 'T', possible loss of data
          with
          [
              T=float
          ]
          and
          [
              T=int
          ]
  RayCasting.vcxproj -> C:\Users\rouyr\source\repos\RayCasting\x64\Debug\RayCasting.exe
